<?xml version="1.0" encoding="UTF-8"?>
<!-- Generated by org.testng.reporters.JUnitReportReporter -->
<testsuite hostname="DESKTOP-99COHO2" failures="0" tests="3" name="extentReport.ExtentReportGen" time="8.825" errors="0" timestamp="2021-12-22T18:44:08 IST" skipped="0">
  <testcase classname="extentReport.ExtentReportGen" name="wiki" time="2.380"/>
  <system-out/>
  <testcase classname="extentReport.ExtentReportGen" name="bing" time="2.747"/>
  <system-out/>
  <testcase classname="extentReport.ExtentReportGen" name="google" time="3.698"/>
  <system-out/>
</testsuite> <!-- extentReport.ExtentReportGen -->
